<?xml version="1.0" encoding="UTF-8"?>
<!-- Generated by org.testng.reporters.JUnitXMLReporter -->
<testsuite hostname="nayan-mittal01" ignored="0" name="Command line test" tests="1" failures="1" timestamp="28 Nov 2019 08:57:13 GMT" time="0.001" errors="0">
  <testcase name="enterText" time="0.001" classname="InnovativeProduct.OSUpgrade.MessageTest9">
    <failure type="java.io.FileNotFoundException" message="D:\Drive E\automation tool\OSUpgrade\src\main\java\Resources\CameraSettigs.txt (The system cannot find the path specified)">
      <![CDATA[java.io.FileNotFoundException: D:\Drive E\automation tool\OSUpgrade\src\main\java\Resources\CameraSettigs.txt (The system cannot find the path specified)
at java.io.FileOutputStream.open0(Native Method)
at java.io.FileOutputStream.open(Unknown Source)
at java.io.FileOutputStream.<init>(Unknown Source)
at java.io.FileOutputStream.<init>(Unknown Source)
at InnovativeProduct.OSUpgrade.MessageTest9.enterText(MessageTest9.java:62)
at InnovativeProduct.OSUpgrade.CameraTest$4.actionPerformed(CameraTest.java:125)
at java.awt.Button.processActionEvent(Unknown Source)
at java.awt.Button.processEvent(Unknown Source)
at java.awt.Component.dispatchEventImpl(Unknown Source)
at java.awt.Component.dispatchEvent(Unknown Source)
at java.awt.EventQueue.dispatchEventImpl(Unknown Source)
at java.awt.EventQueue.access$500(Unknown Source)
at java.awt.EventQueue$3.run(Unknown Source)
at java.awt.EventQueue$3.run(Unknown Source)
at java.security.AccessController.doPrivileged(Native Method)
at java.security.ProtectionDomain$JavaSecurityAccessImpl.doIntersectionPrivilege(Unknown Source)
at java.security.ProtectionDomain$JavaSecurityAccessImpl.doIntersectionPrivilege(Unknown Source)
at java.awt.EventQueue$4.run(Unknown Source)
at java.awt.EventQueue$4.run(Unknown Source)
at java.security.AccessController.doPrivileged(Native Method)
at java.security.ProtectionDomain$JavaSecurityAccessImpl.doIntersectionPrivilege(Unknown Source)
at java.awt.EventQueue.dispatchEvent(Unknown Source)
at java.awt.EventDispatchThread.pumpOneEventForFilters(Unknown Source)
at java.awt.EventDispatchThread.pumpEventsForFilter(Unknown Source)
at java.awt.EventDispatchThread.pumpEventsForHierarchy(Unknown Source)
at java.awt.EventDispatchThread.pumpEvents(Unknown Source)
at java.awt.EventDispatchThread.pumpEvents(Unknown Source)
at java.awt.EventDispatchThread.run(Unknown Source)
... Removed 22 stack frames]]>
    </failure>
  </testcase> <!-- enterText -->
</testsuite> <!-- Command line test -->
