<?xml version="1.0" encoding="UTF-8"?>
<testng-results skipped="0" failed="0" ignored="0" total="2" passed="2">
  <reporter-output>
  </reporter-output>
  <suite name="Default suite" duration-ms="406545" started-at="2020-01-09T14:01:02Z" finished-at="2020-01-09T14:07:48Z">
    <groups>
    </groups>
    <test name="Default test" duration-ms="406545" started-at="2020-01-09T14:01:02Z" finished-at="2020-01-09T14:07:48Z">
      <class name="InnovativeProduct.OSUpgrade.SettingTest10">
        <test-method status="PASS" signature="Test2()[pri:0, instance:InnovativeProduct.OSUpgrade.SettingTest10@4b4523f8]" name="Test2" duration-ms="10" started-at="2020-01-09T14:01:02Z" finished-at="2020-01-09T14:01:02Z">
          <reporter-output>
          </reporter-output>
        </test-method> <!-- Test2 -->
        <test-method status="PASS" signature="enterText()[pri:0, instance:InnovativeProduct.OSUpgrade.SettingTest10@4b4523f8]" name="enterText" duration-ms="406503" started-at="2020-01-09T14:01:02Z" finished-at="2020-01-09T14:07:48Z">
          <reporter-output>
          </reporter-output>
        </test-method> <!-- enterText -->
      </class> <!-- InnovativeProduct.OSUpgrade.SettingTest10 -->
    </test> <!-- Default test -->
  </suite> <!-- Default suite -->
</testng-results>
